<?xml version="1.0" encoding="UTF-8"?>
<!-- Generated by org.testng.reporters.JUnitXMLReporter -->
<testsuite ignored="0" hostname="VAIBHAV" failures="0" tests="5" name="Default test" time="59.298" errors="0" timestamp="31 Dec 2021 08:57:35 GMT">
  <testcase classname="com.cjc.dws.wa.test.PurchaseProductTest" name="register" time="8.284"/>
  <testcase classname="com.cjc.dws.wa.test.PurchaseProductTest" name="Product" time="19.578"/>
  <testcase classname="com.cjc.dws.wa.test.PurchaseProductTest" name="shoppingCart" time="9.03"/>
  <testcase classname="com.cjc.dws.wa.test.PurchaseProductTest" name="Address" time="10.643"/>
  <testcase classname="com.cjc.dws.wa.test.PurchaseProductTest" name="ConfirmOrder" time="3.577"/>
</testsuite> <!-- Default test -->
